\BOOKMARK [0][-]{chapter.1}{\376\377\000\111\000\156\000\164\000\162\000\157\000\144\000\165\000\143\000\164\000\151\000\157\000\156}{}% 1
\BOOKMARK [1][-]{section.1.1}{\376\377\000\117\000\142\000\152\000\145\000\143\000\164\000\151\000\166\000\145\000\163}{chapter.1}% 2
\BOOKMARK [1][-]{section.1.2}{\376\377\000\111\000\156\000\164\000\162\000\157\000\144\000\165\000\143\000\164\000\151\000\157\000\156}{chapter.1}% 3
\BOOKMARK [1][-]{section.1.3}{\376\377\000\115\000\157\000\164\000\151\000\166\000\141\000\164\000\151\000\157\000\156}{chapter.1}% 4
\BOOKMARK [1][-]{section.1.4}{\376\377\000\122\000\145\000\160\000\157\000\162\000\164\000\040\000\102\000\162\000\145\000\141\000\153\000\040\000\104\000\157\000\167\000\156}{chapter.1}% 5
\BOOKMARK [0][-]{chapter.2}{\376\377\000\114\000\151\000\164\000\145\000\162\000\141\000\164\000\165\000\162\000\145\000\040\000\122\000\145\000\166\000\151\000\145\000\167}{}% 6
\BOOKMARK [1][-]{section.2.1}{\376\377\000\114\000\151\000\164\000\145\000\162\000\141\000\164\000\165\000\162\000\145\000\040\000\122\000\145\000\166\000\151\000\145\000\167}{chapter.2}% 7
\BOOKMARK [2][-]{subsection.2.1.1}{\376\377\000\116\000\145\000\164\000\167\000\157\000\162\000\153\000\040\000\124\000\157\000\160\000\157\000\154\000\157\000\147\000\171}{section.2.1}% 8
\BOOKMARK [0][-]{chapter.3}{\376\377\000\120\000\162\000\157\000\160\000\157\000\163\000\145\000\144\000\040\000\115\000\145\000\164\000\150\000\157\000\144\000\157\000\154\000\157\000\147\000\171}{}% 9
\BOOKMARK [1][-]{section.3.1}{\376\377\000\102\000\154\000\157\000\143\000\153\000\040\000\104\000\151\000\141\000\147\000\162\000\141\000\155}{chapter.3}% 10
\BOOKMARK [1][-]{section.3.2}{\376\377\000\106\000\154\000\157\000\167\000\040\000\103\000\150\000\141\000\162\000\164}{chapter.3}% 11
\BOOKMARK [1][-]{section.3.3}{\376\377\000\123\000\171\000\163\000\164\000\145\000\155\000\040\000\115\000\157\000\144\000\145\000\154}{chapter.3}% 12
\BOOKMARK [1][-]{section.3.4}{\376\377\000\123\000\157\000\146\000\164\000\167\000\141\000\162\000\145\000\040\000\123\000\145\000\154\000\145\000\143\000\164\000\151\000\157\000\156}{chapter.3}% 13
\BOOKMARK [0][-]{chapter.4}{\376\377\000\123\000\151\000\155\000\165\000\154\000\141\000\164\000\151\000\157\000\156\000\040\000\141\000\156\000\144\000\040\000\122\000\145\000\163\000\165\000\154\000\164\000\163}{}% 14
\BOOKMARK [1][-]{section.4.1}{\376\377\000\123\000\151\000\155\000\165\000\154\000\141\000\164\000\151\000\157\000\156\000\040\000\122\000\145\000\163\000\165\000\154\000\164\000\163}{chapter.4}% 15
\BOOKMARK [2][-]{subsection.4.1.1}{\376\377\000\114\000\157\000\147\000\151\000\143\000\141\000\154\000\040\000\124\000\157\000\160\000\157\000\154\000\157\000\147\000\171}{section.4.1}% 16
\BOOKMARK [2][-]{subsection.4.1.2}{\376\377\000\123\000\164\000\141\000\164\000\151\000\163\000\164\000\151\000\143\000\141\000\154\000\040\000\101\000\156\000\141\000\154\000\171\000\163\000\151\000\163}{section.4.1}% 17
\BOOKMARK [2][-]{subsection.4.1.3}{\376\377\000\125\000\163\000\151\000\156\000\147\000\040\000\103\000\157\000\155\000\155\000\141\000\156\000\144\000\040\000\120\000\162\000\157\000\155\000\160\000\164}{section.4.1}% 18
\BOOKMARK [0][-]{chapter.5}{\376\377\000\103\000\157\000\156\000\143\000\154\000\165\000\163\000\151\000\157\000\156\000\040\000\141\000\156\000\144\000\040\000\106\000\165\000\164\000\165\000\162\000\145\000\040\000\127\000\157\000\162\000\153}{}% 19
\BOOKMARK [1][-]{section.5.1}{\376\377\000\103\000\157\000\156\000\143\000\154\000\165\000\163\000\151\000\157\000\156}{chapter.5}% 20
\BOOKMARK [1][-]{section.5.2}{\376\377\000\106\000\165\000\164\000\165\000\162\000\145\000\040\000\127\000\157\000\162\000\153}{chapter.5}% 21
\BOOKMARK [0][-]{chapter*.22}{\376\377\000\102\000\151\000\142\000\154\000\151\000\157\000\147\000\162\000\141\000\160\000\150\000\171}{}% 22
