This is pdfTeX, Version 3.1415926-2.3-1.40.12 (MiKTeX 2.9) (preloaded format=pdflatex 2022.6.11)  21 JUN 2022 01:58
entering extended mode
**E:/CE-06/DCCN*-*Data*Communication*and*Computer*Networks/Project/DCCN*Project
/Project*Report*Latex/DSP*Project*Report/DSP*Project*Report.tex

("E:/CE-06/DCCN - Data Communication and Computer Networks/Project/DCCN Project
/Project Report Latex/DSP Project Report/DSP Project Report.tex"
LaTeX2e <2011/06/27>
Babel <v3.8m> and hyphenation patterns for loaded.
(C:\CTEX\MiKTeX\tex\latex\base\report.cls
Document Class: report 2007/10/19 v1.4h Standard LaTeX document class
(C:\CTEX\MiKTeX\tex\latex\base\size12.clo
File: size12.clo 2007/10/19 v1.4h Standard LaTeX file (size option)
)
\c@part=\count79
\c@chapter=\count80
\c@section=\count81
\c@subsection=\count82
\c@subsubsection=\count83
\c@paragraph=\count84
\c@subparagraph=\count85
\c@figure=\count86
\c@table=\count87
\abovecaptionskip=\skip41
\belowcaptionskip=\skip42
\bibindent=\dimen102
)
(C:\CTEX\MiKTeX\tex\latex\caption\subcaption.sty
Package: subcaption 2011/10/30 v1.1c Sub-captions (AR)

(C:\CTEX\MiKTeX\tex\latex\caption\caption.sty
Package: caption 2011/11/10 v3.2e Customizing captions (AR)

(C:\CTEX\MiKTeX\tex\latex\caption\caption3.sty
Package: caption3 2011/11/01 v1.4a caption3 kernel (AR)

(C:\CTEX\MiKTeX\tex\latex\graphics\keyval.sty
Package: keyval 1999/03/16 v1.13 key=value parser (DPC)
\KV@toks@=\toks14
)
\captionmargin=\dimen103
\captionmargin@=\dimen104
\captionwidth=\dimen105
\caption@indent=\dimen106
\caption@parindent=\dimen107
\caption@hangindent=\dimen108
)
\c@ContinuedFloat=\count88
)
\c@subfigure=\count89
\c@subtable=\count90
)
(C:\CTEX\MiKTeX\tex\latex\ams\math\amsmath.sty
Package: amsmath 2000/07/18 v2.13 AMS math features
\@mathmargin=\skip43

For additional information on amsmath, use the `?' option.
(C:\CTEX\MiKTeX\tex\latex\ams\math\amstext.sty
Package: amstext 2000/06/29 v2.01

(C:\CTEX\MiKTeX\tex\latex\ams\math\amsgen.sty
File: amsgen.sty 1999/11/30 v2.0
\@emptytoks=\toks15
\ex@=\dimen109
))
(C:\CTEX\MiKTeX\tex\latex\ams\math\amsbsy.sty
Package: amsbsy 1999/11/29 v1.2d
\pmbraise@=\dimen110
)
(C:\CTEX\MiKTeX\tex\latex\ams\math\amsopn.sty
Package: amsopn 1999/12/14 v2.01 operator names
)
\inf@bad=\count91
LaTeX Info: Redefining \frac on input line 211.
\uproot@=\count92
\leftroot@=\count93
LaTeX Info: Redefining \overline on input line 307.
\classnum@=\count94
\DOTSCASE@=\count95
LaTeX Info: Redefining \ldots on input line 379.
LaTeX Info: Redefining \dots on input line 382.
LaTeX Info: Redefining \cdots on input line 467.
\Mathstrutbox@=\box26
\strutbox@=\box27
\big@size=\dimen111
LaTeX Font Info:    Redeclaring font encoding OML on input line 567.
LaTeX Font Info:    Redeclaring font encoding OMS on input line 568.
\macc@depth=\count96
\c@MaxMatrixCols=\count97
\dotsspace@=\muskip10
\c@parentequation=\count98
\dspbrk@lvl=\count99
\tag@help=\toks16
\row@=\count100
\column@=\count101
\maxfields@=\count102
\andhelp@=\toks17
\eqnshift@=\dimen112
\alignsep@=\dimen113
\tagshift@=\dimen114
\tagwidth@=\dimen115
\totwidth@=\dimen116
\lineht@=\dimen117
\@envbody=\toks18
\multlinegap=\skip44
\multlinetaggap=\skip45
\mathdisplay@stack=\toks19
LaTeX Info: Redefining \[ on input line 2666.
LaTeX Info: Redefining \] on input line 2667.
)
(C:\CTEX\MiKTeX\tex\latex\amsfonts\amssymb.sty
Package: amssymb 2009/06/22 v3.00

(C:\CTEX\MiKTeX\tex\latex\amsfonts\amsfonts.sty
Package: amsfonts 2009/06/22 v3.00 Basic AMSFonts support
\symAMSa=\mathgroup4
\symAMSb=\mathgroup5
LaTeX Font Info:    Overwriting math alphabet `\mathfrak' in version `bold'
(Font)                  U/euf/m/n --> U/euf/b/n on input line 96.
))
(C:\CTEX\MiKTeX\tex\latex\oberdiek\stackrel.sty
Package: stackrel 2007/11/11 v1.2 Adding subscript option to stackrel (HO)

(C:\CTEX\MiKTeX\tex\generic\oberdiek\etexcmds.sty
Package: etexcmds 2011/02/16 v1.5 Prefix for e-TeX command names (HO)

(C:\CTEX\MiKTeX\tex\generic\oberdiek\infwarerr.sty
Package: infwarerr 2010/04/08 v1.3 Providing info/warning/message (HO)
)
(C:\CTEX\MiKTeX\tex\generic\oberdiek\ifluatex.sty
Package: ifluatex 2010/03/01 v1.3 Provides the ifluatex switch (HO)
Package ifluatex Info: LuaTeX not detected.
)
Package etexcmds Info: Could not find \expanded.
(etexcmds)             That can mean that you are not using pdfTeX 1.50 or
(etexcmds)             that some package has redefined \expanded.
(etexcmds)             In the latter case, load this package earlier.
)
(C:\CTEX\MiKTeX\tex\generic\oberdiek\pdftexcmds.sty
Package: pdftexcmds 2011/04/22 v0.16 Utilities of pdfTeX for LuaTeX (HO)

(C:\CTEX\MiKTeX\tex\generic\oberdiek\ltxcmds.sty
Package: ltxcmds 2011/04/18 v1.20 LaTeX kernel commands for general use (HO)
)
(C:\CTEX\MiKTeX\tex\generic\oberdiek\ifpdf.sty
Package: ifpdf 2011/01/30 v2.3 Provides the ifpdf switch (HO)
Package ifpdf Info: pdfTeX in PDF mode is detected.
)
Package pdftexcmds Info: LuaTeX not detected.
Package pdftexcmds Info: \pdf@primitive is available.
Package pdftexcmds Info: \pdf@ifprimitive is available.
Package pdftexcmds Info: \pdfdraftmode found.
))
(C:\CTEX\MiKTeX\tex\latex\graphics\graphicx.sty
Package: graphicx 1999/02/16 v1.0f Enhanced LaTeX Graphics (DPC,SPQR)

(C:\CTEX\MiKTeX\tex\latex\graphics\graphics.sty
Package: graphics 2009/02/05 v1.0o Standard LaTeX Graphics (DPC,SPQR)

(C:\CTEX\MiKTeX\tex\latex\graphics\trig.sty
Package: trig 1999/03/16 v1.09 sin cos tan (DPC)
)
(C:\CTEX\MiKTeX\tex\latex\00miktex\graphics.cfg
File: graphics.cfg 2007/01/18 v1.5 graphics configuration of teTeX/TeXLive
)
Package graphics Info: Driver file: pdftex.def on input line 91.

(C:\CTEX\MiKTeX\tex\latex\pdftex-def\pdftex.def
File: pdftex.def 2011/05/27 v0.06d Graphics/color for pdfTeX
\Gread@gobject=\count103
))
\Gin@req@height=\dimen118
\Gin@req@width=\dimen119
)
(C:\CTEX\MiKTeX\tex\latex\hyperref\hyperref.sty
Package: hyperref 2012/02/06 v6.82o Hypertext links for LaTeX

(C:\CTEX\MiKTeX\tex\generic\oberdiek\hobsub-hyperref.sty
Package: hobsub-hyperref 2011/04/23 v1.4 Bundle oberdiek, subset hyperref (HO)

(C:\CTEX\MiKTeX\tex\generic\oberdiek\hobsub-generic.sty
Package: hobsub-generic 2011/04/23 v1.4 Bundle oberdiek, subset generic (HO)
Package: hobsub 2011/04/23 v1.4 Subsetting bundle oberdiek (HO)
Package hobsub Info: Skipping package `infwarerr' (already loaded).
Package hobsub Info: Skipping package `ltxcmds' (already loaded).
Package hobsub Info: Skipping package `ifluatex' (already loaded).
Package: ifvtex 2010/03/01 v1.5 Switches for detecting VTeX and its modes (HO)
Package ifvtex Info: VTeX not detected.
Package: intcalc 2007/09/27 v1.1 Expandable integer calculations (HO)
Package hobsub Info: Skipping package `ifpdf' (already loaded).
Package hobsub Info: Skipping package `etexcmds' (already loaded).
Package: kvsetkeys 2011/04/07 v1.13 Key value parser (HO)
Package: kvdefinekeys 2011/04/07 v1.3 Defining keys (HO)
Package hobsub Info: Skipping package `pdftexcmds' (already loaded).
Package: pdfescape 2011/04/04 v1.12 Provides string conversions (HO)
Package: bigintcalc 2011/01/30 v1.2 Expandable big integer calculations (HO)
Package: bitset 2011/01/30 v1.1 Data type bit set (HO)
Package: uniquecounter 2011/01/30 v1.2 Provides unlimited unique counter (HO)
)
Package hobsub Info: Skipping package `hobsub' (already loaded).
Package: letltxmacro 2010/09/02 v1.4 Let assignment for LaTeX macros (HO)
Package: hopatch 2011/01/30 v1.0 Wrapper for package hooks (HO)
Package: xcolor-patch 2011/01/30 xcolor patch
Package: atveryend 2011/04/23 v1.7 Hooks at very end of document (HO)
Package: atbegshi 2011/01/30 v1.15 At begin shipout hook (HO)
Package: refcount 2010/12/01 v3.2 Data extraction from references (HO)
Package: hycolor 2011/01/30 v1.7 Color options of hyperref/bookmark (HO)
)
(C:\CTEX\MiKTeX\tex\generic\ifxetex\ifxetex.sty
Package: ifxetex 2010/09/12 v0.6 Provides ifxetex conditional
)
(C:\CTEX\MiKTeX\tex\latex\oberdiek\kvoptions.sty
Package: kvoptions 2010/12/23 v3.10 Keyval support for LaTeX options (HO)
)
\@linkdim=\dimen120
\Hy@linkcounter=\count104
\Hy@pagecounter=\count105

(C:\CTEX\MiKTeX\tex\latex\hyperref\pd1enc.def
File: pd1enc.def 2012/02/06 v6.82o Hyperref: PDFDocEncoding definition (HO)
)
\Hy@SavedSpaceFactor=\count106

(C:\CTEX\MiKTeX\tex\latex\00miktex\hyperref.cfg
File: hyperref.cfg 2002/06/06 v1.2 hyperref configuration of TeXLive
)
Package hyperref Info: Hyper figures OFF on input line 4046.
Package hyperref Info: Link nesting OFF on input line 4051.
Package hyperref Info: Hyper index ON on input line 4054.
Package hyperref Info: Plain pages OFF on input line 4061.
Package hyperref Info: Backreferencing OFF on input line 4066.
Package hyperref Info: Implicit mode ON; LaTeX internals redefined.
Package hyperref Info: Bookmarks ON on input line 4284.
\c@Hy@tempcnt=\count107

(C:\CTEX\MiKTeX\tex\latex\ltxmisc\url.sty
\Urlmuskip=\muskip11
Package: url 2006/04/12  ver 3.3  Verb mode for urls, etc.
)
LaTeX Info: Redefining \url on input line 4637.
\Fld@menulength=\count108
\Field@Width=\dimen121
\Fld@charsize=\dimen122
Package hyperref Info: Hyper figures OFF on input line 5757.
Package hyperref Info: Link nesting OFF on input line 5762.
Package hyperref Info: Hyper index ON on input line 5765.
Package hyperref Info: backreferencing OFF on input line 5772.
Package hyperref Info: Link coloring OFF on input line 5777.
Package hyperref Info: Link coloring with OCG OFF on input line 5782.
Package hyperref Info: PDF/A mode OFF on input line 5787.
LaTeX Info: Redefining \ref on input line 5827.
LaTeX Info: Redefining \pageref on input line 5831.
\Hy@abspage=\count109
\c@Item=\count110
\c@Hfootnote=\count111
)

Package hyperref Message: Driver (autodetected): hpdftex.

(C:\CTEX\MiKTeX\tex\latex\hyperref\hpdftex.def
File: hpdftex.def 2012/02/06 v6.82o Hyperref driver for pdfTeX
\Fld@listcount=\count112
\c@bookmark@seq@number=\count113

(C:\CTEX\MiKTeX\tex\latex\oberdiek\rerunfilecheck.sty
Package: rerunfilecheck 2011/04/15 v1.7 Rerun checks for auxiliary files (HO)
Package uniquecounter Info: New unique counter `rerunfilecheck' on input line 2
82.
)
\Hy@SectionHShift=\skip46
)
(C:\CTEX\MiKTeX\tex\latex\cite\cite.sty
LaTeX Info: Redefining \cite on input line 302.
LaTeX Info: Redefining \nocite on input line 373.
Package: cite 2010/09/10  v 5.3
)
(C:\CTEX\MiKTeX\tex\latex\preprint\authblk.sty
Package: authblk 2009/11/18 1.3 (PWD)
\affilsep=\skip47
\@affilsep=\skip48
\c@Maxaffil=\count114
\c@authors=\count115
\c@affil=\count116
)
(C:\CTEX\MiKTeX\tex\latex\placeins\placeins.sty
Package: placeins 2005/04/18  v 2.2
)
(C:\CTEX\MiKTeX\tex\latex\adjustbox\adjustbox.sty
Package: adjustbox 2011/11/14 v0.8 Adjusting TeX boxes (trim, clip, ...)

(C:\CTEX\MiKTeX\tex\latex\xkeyval\xkeyval.sty
Package: xkeyval 2008/08/13 v2.6a package option processing (HA)

(C:\CTEX\MiKTeX\tex\generic\xkeyval\xkeyval.tex
\XKV@toks=\toks20
\XKV@tempa@toks=\toks21
\XKV@depth=\count117
File: xkeyval.tex 2008/08/13 v2.6a key=value parser (HA)
))
(C:\CTEX\MiKTeX\tex\latex\adjustbox\adjcalc.sty)
(C:\CTEX\MiKTeX\tex\latex\collectbox\collectbox.sty
Package: collectbox 2011/08/23 v0.4 Collect macro arguments as boxes
\collectedbox=\box28
)
\adjbox@tllx=\dimen123
\adjbox@tlly=\dimen124
\adjbox@turx=\dimen125
\adjbox@tury=\dimen126
\adjbox@Width=\dimen127
\adjbox@Height=\dimen128
\adjbox@Depth=\dimen129
\adjbox@Totalheight=\dimen130
Package adjustbox Info: Using driver 'adjpdftex.def'. on input line 290.

(C:\CTEX\MiKTeX\tex\latex\adjustbox\adjpdftex.def
File: adjpdftex.def 2011/11/14 v0.8 adjustbox clip driver for pdftex
)
(C:\CTEX\MiKTeX\tex\latex\ltxmisc\varwidth.sty
Package: varwidth 2009/03/30 ver 0.92;  Variable-width minipages
\@vwid@box=\box29
\sift@deathcycles=\count118
\@vwid@loff=\dimen131
\@vwid@roff=\dimen132
))
(C:\CTEX\MiKTeX\tex\latex\tools\tabularx.sty
Package: tabularx 1999/01/07 v2.07 `tabularx' package (DPC)

(C:\CTEX\MiKTeX\tex\latex\tools\array.sty
Package: array 2008/09/09 v2.4c Tabular extension package (FMi)
\col@sep=\dimen133
\extrarowheight=\dimen134
\NC@list=\toks22
\extratabsurround=\skip49
\backup@length=\skip50
)
\TX@col@width=\dimen135
\TX@old@table=\dimen136
\TX@old@col=\dimen137
\TX@target=\dimen138
\TX@delta=\dimen139
\TX@cols=\count119
\TX@ftn=\toks23
)
(C:\CTEX\MiKTeX\tex\latex\tocbibind\tocbibind.sty
Package: tocbibind 2010/10/13 v1.5k extra ToC listings
Package tocbibind Info: The document has chapter divisions on input line 50.


Package tocbibind Note: Using chapter style headings, unless overridden.

) (C:\CTEX\MiKTeX\tex\latex\ms\ragged2e.sty
Package: ragged2e 2009/05/21 v2.1 ragged2e Package (MS)

(C:\CTEX\MiKTeX\tex\latex\ms\everysel.sty
Package: everysel 2011/10/28 v1.2 EverySelectfont Package (MS)
)
\CenteringLeftskip=\skip51
\RaggedLeftLeftskip=\skip52
\RaggedRightLeftskip=\skip53
\CenteringRightskip=\skip54
\RaggedLeftRightskip=\skip55
\RaggedRightRightskip=\skip56
\CenteringParfillskip=\skip57
\RaggedLeftParfillskip=\skip58
\RaggedRightParfillskip=\skip59
\JustifyingParfillskip=\skip60
\CenteringParindent=\skip61
\RaggedLeftParindent=\skip62
\RaggedRightParindent=\skip63
\JustifyingParindent=\skip64
)
(C:\CTEX\MiKTeX\tex\latex\etoolbox\etoolbox.sty
Package: etoolbox 2011/01/03 v2.1 e-TeX tools for LaTeX

(C:\CTEX\MiKTeX\tex\latex\misc\etex.sty
Package: etex 1998/03/26 v2.0 eTeX basic definition package (PEB)
\et@xins=\count120
)
\etb@tempcnta=\count121
)
(C:\CTEX\MiKTeX\tex\latex\float\float.sty
Package: float 2001/11/08 v1.3d Float enhancements (AL)
\c@float@type=\count122
\float@exts=\toks24
\float@box=\box30
\@float@everytoks=\toks25
\@floatcapt=\box31
)
(C:\CTEX\MiKTeX\tex\generic\babel\babel.sty
Package: babel 2008/07/08 v3.8m The Babel package

*************************************
* Local config file bblopts.cfg used
*
(C:\CTEX\MiKTeX\tex\latex\00miktex\bblopts.cfg
File: bblopts.cfg 2006/07/31 v1.0 MiKTeX 'babel' configuration
)
(C:\CTEX\MiKTeX\tex\generic\babel\english.ldf
Language: english 2005/03/30 v3.3o English support from the babel system

(C:\CTEX\MiKTeX\tex\generic\babel\babel.def
File: babel.def 2008/07/08 v3.8m Babel common definitions
\babel@savecnt=\count123
\U@D=\dimen140
)
\l@british = a dialect from \language0
\l@UKenglish = a dialect from \language0
\l@american = a dialect from \language0
\l@canadian = a dialect from \language\l@american 
\l@australian = a dialect from \language\l@british 
\l@newzealand = a dialect from \language\l@british 
))
(C:\CTEX\MiKTeX\tex\latex\geometry\geometry.sty
Package: geometry 2010/09/12 v5.6 Page Geometry
\Gm@cnth=\count124
\Gm@cntv=\count125
\c@Gm@tempcnt=\count126
\Gm@bindingoffset=\dimen141
\Gm@wd@mp=\dimen142
\Gm@odd@mp=\dimen143
\Gm@even@mp=\dimen144
\Gm@layoutwidth=\dimen145
\Gm@layoutheight=\dimen146
\Gm@layouthoffset=\dimen147
\Gm@layoutvoffset=\dimen148
\Gm@dimlist=\toks26

(C:\CTEX\MiKTeX\tex\latex\geometry\geometry.cfg))
(C:\CTEX\MiKTeX\tex\latex\booktabs\booktabs.sty
Package: booktabs 2005/04/14 v1.61803 publication quality tables
\heavyrulewidth=\dimen149
\lightrulewidth=\dimen150
\cmidrulewidth=\dimen151
\belowrulesep=\dimen152
\belowbottomsep=\dimen153
\aboverulesep=\dimen154
\abovetopsep=\dimen155
\cmidrulesep=\dimen156
\cmidrulekern=\dimen157
\defaultaddspace=\dimen158
\@cmidla=\count127
\@cmidlb=\count128
\@aboverulesep=\dimen159
\@belowrulesep=\dimen160
\@thisruleclass=\count129
\@lastruleclass=\count130
\@thisrulewidth=\dimen161
)
(C:\CTEX\MiKTeX\tex\latex\colortbl\colortbl.sty
Package: colortbl 2001/02/13 v0.1j Color table columns (DPC)

(C:\CTEX\MiKTeX\tex\latex\graphics\color.sty
Package: color 2005/11/14 v1.0j Standard LaTeX Color (DPC)

(C:\CTEX\MiKTeX\tex\latex\00miktex\color.cfg
File: color.cfg 2007/01/18 v1.5 color configuration of teTeX/TeXLive
)
Package color Info: Driver file: pdftex.def on input line 130.
)
\everycr=\toks27
\minrowclearance=\skip65
)
(C:\CTEX\MiKTeX\tex\latex\xcolor\xcolor.sty
Package: xcolor 2007/01/21 v2.11 LaTeX color extensions (UK)

(C:\CTEX\MiKTeX\tex\latex\00miktex\color.cfg
File: color.cfg 2007/01/18 v1.5 color configuration of teTeX/TeXLive
)
Package xcolor Info: Driver file: pdftex.def on input line 225.
LaTeX Info: Redefining \color on input line 702.
Package xcolor Info: Model `cmy' substituted by `cmy0' on input line 1337.
Package xcolor Info: Model `hsb' substituted by `rgb' on input line 1341.
Package xcolor Info: Model `RGB' extended on input line 1353.
Package xcolor Info: Model `HTML' substituted by `rgb' on input line 1355.
Package xcolor Info: Model `Hsb' substituted by `hsb' on input line 1356.
Package xcolor Info: Model `tHsb' substituted by `hsb' on input line 1357.
Package xcolor Info: Model `HSB' substituted by `hsb' on input line 1358.
Package xcolor Info: Model `Gray' substituted by `gray' on input line 1359.
Package xcolor Info: Model `wave' substituted by `hsb' on input line 1360.
)
(C:\CTEX\MiKTeX\tex\latex\l3packages\xfrac\xfrac.sty
(C:\CTEX\MiKTeX\tex\latex\l3packages\l3keys2e\l3keys2e.sty
(C:\CTEX\MiKTeX\tex\latex\l3kernel\expl3.sty
(C:\CTEX\MiKTeX\tex\latex\l3kernel\l3names.sty
(C:\CTEX\MiKTeX\tex\latex\l3kernel\l3bootstrap.sty
Package: l3bootstrap 2011/12/29 v3110 L3 Experimental bootstrap code
)
Package: l3names 2011/12/30 v3113 L3 Experimental namespace for primitives
)
Package: expl3 2012/02/26 v3471 L3 Experimental code bundle wrapper

(C:\CTEX\MiKTeX\tex\latex\l3kernel\l3basics.sty
Package: l3basics 2012/02/26 v3460 L3 Experimental basic definitions
)
(C:\CTEX\MiKTeX\tex\latex\l3kernel\l3expan.sty
Package: l3expan 2012/02/26 v3460 L3 Experimental argument expansion
)
(C:\CTEX\MiKTeX\tex\latex\l3kernel\l3tl.sty
Package: l3tl 2012/02/26 v3460 L3 Experimental token lists
)
(C:\CTEX\MiKTeX\tex\latex\l3kernel\l3seq.sty
Package: l3seq 2012/01/09 v3158 L3 Experimental sequences and stacks
)
(C:\CTEX\MiKTeX\tex\latex\l3kernel\l3int.sty
Package: l3int 2012/02/26 v3460 L3 Experimental integers
\c_max_int=\count131
\l_tmpa_int=\count132
\l_tmpb_int=\count133
\l_tmpc_int=\count134
\g_tmpa_int=\count135
\g_tmpb_int=\count136
)
(C:\CTEX\MiKTeX\tex\latex\l3kernel\l3quark.sty
Package: l3quark 2012/02/12 v3384 L3 Experimental quarks
)
(C:\CTEX\MiKTeX\tex\latex\l3kernel\l3prg.sty
Package: l3prg 2012/02/26 v3464 L3 Experimental control structures
\g_prg_map_int=\count137
)
(C:\CTEX\MiKTeX\tex\latex\l3kernel\l3clist.sty
Package: l3clist 2012/02/26 v3460 L3 Experimental comma separated lists
)
(C:\CTEX\MiKTeX\tex\latex\l3kernel\l3token.sty
Package: l3token 2012/02/26 v3460 L3 Experimental token manipulation
)
(C:\CTEX\MiKTeX\tex\latex\l3kernel\l3prop.sty
Package: l3prop 2012/02/26 v3460 L3 Experimental property lists
)
(C:\CTEX\MiKTeX\tex\latex\l3kernel\l3msg.sty
Package: l3msg 2012/02/26 v3470 L3 Experimental messages
)
(C:\CTEX\MiKTeX\tex\latex\l3kernel\l3file.sty
Package: l3file 2012/02/26 v3464 L3 Experimental file and I/O operations
\l_iow_stream_int=\count138
\l_iow_line_length_int=\count139
\l_iow_target_length_int=\count140
\l_iow_current_line_int=\count141
\l_iow_current_word_int=\count142
\l_iow_current_indentation_int=\count143
)
(C:\CTEX\MiKTeX\tex\latex\l3kernel\l3skip.sty
Package: l3skip 2012/02/26 v3460 L3 Experimental dimensions and skips
\l_tmpa_dim=\dimen162
\l_tmpb_dim=\dimen163
\l_tmpc_dim=\dimen164
\g_tmpa_dim=\dimen165
\g_tmpb_dim=\dimen166
\l_tmpa_skip=\skip66
\l_tmpb_skip=\skip67
\l_tmpc_skip=\skip68
\g_tmpa_skip=\skip69
\g_tmpb_skip=\skip70
)
(C:\CTEX\MiKTeX\tex\latex\l3kernel\l3keys.sty
Package: l3keys 2011/12/22 v3086 L3 Experimental key-value interfaces
\g_keyval_level_int=\count144
\l_keys_choice_int=\count145
)
(C:\CTEX\MiKTeX\tex\latex\l3kernel\l3fp.sty
Package: l3fp 2012/02/06 v3315 L3 Experimental floating-point operations
\c_one_million=\count146
\c_one_hundred_million=\count147
\c_five_hundred_million=\count148
\c_one_thousand_million=\count149
\c_fp_pi_by_four_decimal_int=\count150
\c_fp_pi_by_four_extended_int=\count151
\c_fp_pi_decimal_int=\count152
\c_fp_pi_extended_int=\count153
\c_fp_two_pi_decimal_int=\count154
\c_fp_two_pi_extended_int=\count155
\l_fp_count_int=\count156
\l_fp_div_offset_int=\count157
\l_fp_exp_integer_int=\count158
\l_fp_exp_decimal_int=\count159
\l_fp_exp_extended_int=\count160
\l_fp_exp_exponent_int=\count161
\l_fp_input_a_sign_int=\count162
\l_fp_input_a_integer_int=\count163
\l_fp_input_a_decimal_int=\count164
\l_fp_input_a_exponent_int=\count165
\l_fp_input_b_sign_int=\count166
\l_fp_input_b_integer_int=\count167
\l_fp_input_b_decimal_int=\count168
\l_fp_input_b_exponent_int=\count169
\l_fp_input_a_extended_int=\count170
\l_fp_input_b_extended_int=\count171
\l_fp_mul_a_i_int=\count172
\l_fp_mul_a_ii_int=\count173
\l_fp_mul_a_iii_int=\count174
\l_fp_mul_a_iv_int=\count175
\l_fp_mul_a_v_int=\count176
\l_fp_mul_a_vi_int=\count177
\l_fp_mul_b_i_int=\count178
\l_fp_mul_b_ii_int=\count179
\l_fp_mul_b_iii_int=\count180
\l_fp_mul_b_iv_int=\count181
\l_fp_mul_b_v_int=\count182
\l_fp_mul_b_vi_int=\count183
\l_fp_mul_output_int=\count184
\l_fp_output_sign_int=\count185
\l_fp_output_integer_int=\count186
\l_fp_output_decimal_int=\count187
\l_fp_output_exponent_int=\count188
\l_fp_output_extended_int=\count189
\l_fp_round_position_int=\count190
\l_fp_round_target_int=\count191
\l_fp_split_sign_int=\count192
\l_fp_internal_int=\count193
\l_fp_trig_octant_int=\count194
\l_fp_trig_sign_int=\count195
\l_fp_trig_decimal_int=\count196
\l_fp_trig_extended_int=\count197
\l_fp_internal_dim=\dimen167
\l_fp_internal_skip=\skip71
)
(C:\CTEX\MiKTeX\tex\latex\l3kernel\l3box.sty
Package: l3box 2012/02/18 v3432 L3 Experimental boxes
\l_tmpb_box=\box32
\l_box_top_dim=\dimen168
\l_box_bottom_dim=\dimen169
\l_box_left_dim=\dimen170
\l_box_right_dim=\dimen171
\l_box_top_new_dim=\dimen172
\l_box_bottom_new_dim=\dimen173
\l_box_left_new_dim=\dimen174
\l_box_right_new_dim=\dimen175
\l_box_internal_box=\box33
)
(C:\CTEX\MiKTeX\tex\latex\l3kernel\l3coffins.sty
Package: l3coffins 2012/02/26 v3460 L3 Experimental coffin code layer
\l_coffin_internal_box=\box34
\l_coffin_internal_dim=\dimen176
\l_coffin_offset_x_dim=\dimen177
\l_coffin_offset_y_dim=\dimen178
\l_coffin_x_dim=\dimen179
\l_coffin_y_dim=\dimen180
\l_coffin_x_prime_dim=\dimen181
\l_coffin_y_prime_dim=\dimen182
\l_coffin_Depth_dim=\dimen183
\l_coffin_Height_dim=\dimen184
\l_coffin_TotalHeight_dim=\dimen185
\l_coffin_Width_dim=\dimen186
\c_empty_coffin=\box35
\l_coffin_aligned_coffin=\box36
\l_coffin_aligned_internal_coffin=\box37
\l_coffin_bounding_shift_dim=\dimen187
\l_coffin_left_corner_dim=\dimen188
\l_coffin_right_corner_dim=\dimen189
\l_coffin_bottom_corner_dim=\dimen190
\l_coffin_top_corner_dim=\dimen191
\l_coffin_scaled_total_height_dim=\dimen192
\l_coffin_scaled_width_dim=\dimen193
\l_coffin_display_coffin=\box38
\l_coffin_display_coord_coffin=\box39
\l_coffin_display_pole_coffin=\box40
\l_coffin_display_offset_dim=\dimen194
\l_coffin_display_x_dim=\dimen195
\l_coffin_display_y_dim=\dimen196
)
(C:\CTEX\MiKTeX\tex\latex\l3kernel\l3color.sty
Package: l3color 2011/09/07 v2776 L3 Experimental colour support
)
(C:\CTEX\MiKTeX\tex\latex\l3kernel\l3luatex.sty
Package: l3luatex 2012/02/09 v3355 L3 Experimental LuaTeX-specific functions
\g_cctab_allocate_int=\count198
\g_cctab_stack_int=\count199
))
(C:\CTEX\MiKTeX\tex\latex\l3packages\xparse\xparse.sty
Package: xparse 2012/02/26 v3471 L3 Experimental document command parser
\l_xparse_current_arg_int=\count200
\l_xparse_m_args_int=\count201
Normal \count register pool exhausted, switching to extended pool.
\l_xparse_mandatory_args_int=\count277
\l_xparse_processor_int=\count278
\l_xparse_v_nesting_int=\count279
)
Package: l3keys2e 2012/02/26 v3471 LaTeX2e option processing using LaTeX3 keys
)
(C:\CTEX\MiKTeX\tex\latex\base\textcomp.sty
Package: textcomp 2005/09/27 v1.99g Standard LaTeX package
Package textcomp Info: Sub-encoding information:
(textcomp)               5 = only ISO-Adobe without \textcurrency
(textcomp)               4 = 5 + \texteuro
(textcomp)               3 = 4 + \textohm
(textcomp)               2 = 3 + \textestimated + \textcurrency
(textcomp)               1 = TS1 - \textcircled - \t
(textcomp)               0 = TS1 (full)
(textcomp)             Font families with sub-encoding setting implement
(textcomp)             only a restricted character set as indicated.
(textcomp)             Family '?' is the default used for unknown fonts.
(textcomp)             See the documentation for details.
Package textcomp Info: Setting ? sub-encoding to TS1/1 on input line 71.

(C:\CTEX\MiKTeX\tex\latex\base\ts1enc.def
File: ts1enc.def 2001/06/05 v3.0e (jk/car/fm) Standard LaTeX file
)
LaTeX Info: Redefining \oldstylenums on input line 266.
Package textcomp Info: Setting cmr sub-encoding to TS1/0 on input line 281.
Package textcomp Info: Setting cmss sub-encoding to TS1/0 on input line 282.
Package textcomp Info: Setting cmtt sub-encoding to TS1/0 on input line 283.
Package textcomp Info: Setting cmvtt sub-encoding to TS1/0 on input line 284.
Package textcomp Info: Setting cmbr sub-encoding to TS1/0 on input line 285.
Package textcomp Info: Setting cmtl sub-encoding to TS1/0 on input line 286.
Package textcomp Info: Setting ccr sub-encoding to TS1/0 on input line 287.
Package textcomp Info: Setting ptm sub-encoding to TS1/4 on input line 288.
Package textcomp Info: Setting pcr sub-encoding to TS1/4 on input line 289.
Package textcomp Info: Setting phv sub-encoding to TS1/4 on input line 290.
Package textcomp Info: Setting ppl sub-encoding to TS1/3 on input line 291.
Package textcomp Info: Setting pag sub-encoding to TS1/4 on input line 292.
Package textcomp Info: Setting pbk sub-encoding to TS1/4 on input line 293.
Package textcomp Info: Setting pnc sub-encoding to TS1/4 on input line 294.
Package textcomp Info: Setting pzc sub-encoding to TS1/4 on input line 295.
Package textcomp Info: Setting bch sub-encoding to TS1/4 on input line 296.
Package textcomp Info: Setting put sub-encoding to TS1/5 on input line 297.
Package textcomp Info: Setting uag sub-encoding to TS1/5 on input line 298.
Package textcomp Info: Setting ugq sub-encoding to TS1/5 on input line 299.
Package textcomp Info: Setting ul8 sub-encoding to TS1/4 on input line 300.
Package textcomp Info: Setting ul9 sub-encoding to TS1/4 on input line 301.
Package textcomp Info: Setting augie sub-encoding to TS1/5 on input line 302.
Package textcomp Info: Setting dayrom sub-encoding to TS1/3 on input line 303.
Package textcomp Info: Setting dayroms sub-encoding to TS1/3 on input line 304.

Package textcomp Info: Setting pxr sub-encoding to TS1/0 on input line 305.
Package textcomp Info: Setting pxss sub-encoding to TS1/0 on input line 306.
Package textcomp Info: Setting pxtt sub-encoding to TS1/0 on input line 307.
Package textcomp Info: Setting txr sub-encoding to TS1/0 on input line 308.
Package textcomp Info: Setting txss sub-encoding to TS1/0 on input line 309.
Package textcomp Info: Setting txtt sub-encoding to TS1/0 on input line 310.
Package textcomp Info: Setting lmr sub-encoding to TS1/0 on input line 311.
Package textcomp Info: Setting lmdh sub-encoding to TS1/0 on input line 312.
Package textcomp Info: Setting lmss sub-encoding to TS1/0 on input line 313.
Package textcomp Info: Setting lmssq sub-encoding to TS1/0 on input line 314.
Package textcomp Info: Setting lmvtt sub-encoding to TS1/0 on input line 315.
Package textcomp Info: Setting qhv sub-encoding to TS1/0 on input line 316.
Package textcomp Info: Setting qag sub-encoding to TS1/0 on input line 317.
Package textcomp Info: Setting qbk sub-encoding to TS1/0 on input line 318.
Package textcomp Info: Setting qcr sub-encoding to TS1/0 on input line 319.
Package textcomp Info: Setting qcs sub-encoding to TS1/0 on input line 320.
Package textcomp Info: Setting qpl sub-encoding to TS1/0 on input line 321.
Package textcomp Info: Setting qtm sub-encoding to TS1/0 on input line 322.
Package textcomp Info: Setting qzc sub-encoding to TS1/0 on input line 323.
Package textcomp Info: Setting qhvc sub-encoding to TS1/0 on input line 324.
Package textcomp Info: Setting futs sub-encoding to TS1/4 on input line 325.
Package textcomp Info: Setting futx sub-encoding to TS1/4 on input line 326.
Package textcomp Info: Setting futj sub-encoding to TS1/4 on input line 327.
Package textcomp Info: Setting hlh sub-encoding to TS1/3 on input line 328.
Package textcomp Info: Setting hls sub-encoding to TS1/3 on input line 329.
Package textcomp Info: Setting hlst sub-encoding to TS1/3 on input line 330.
Package textcomp Info: Setting hlct sub-encoding to TS1/5 on input line 331.
Package textcomp Info: Setting hlx sub-encoding to TS1/5 on input line 332.
Package textcomp Info: Setting hlce sub-encoding to TS1/5 on input line 333.
Package textcomp Info: Setting hlcn sub-encoding to TS1/5 on input line 334.
Package textcomp Info: Setting hlcw sub-encoding to TS1/5 on input line 335.
Package textcomp Info: Setting hlcf sub-encoding to TS1/5 on input line 336.
Package textcomp Info: Setting pplx sub-encoding to TS1/3 on input line 337.
Package textcomp Info: Setting pplj sub-encoding to TS1/3 on input line 338.
Package textcomp Info: Setting ptmx sub-encoding to TS1/4 on input line 339.
Package textcomp Info: Setting ptmj sub-encoding to TS1/4 on input line 340.
)
(C:\CTEX\MiKTeX\tex\latex\l3packages\xtemplate\xtemplate.sty
Package: xtemplate 2012/02/26 v3471 L3 Experimental prototype document function
s
\l_xtemplate_tmp_dim=\dimen197
\l_xtemplate_tmp_int=\count280
\l_xtemplate_tmp_muskip=\muskip12
\l_xtemplate_tmp_skip=\skip72
Variant \prop_get:NoNTF already defined; not changing it on line 105
Variant \prop_get:NoNT already defined; not changing it on line 106
Variant \prop_get:NoNF already defined; not changing it on line 107
)
Package: xfrac 2012/02/26 v3465 L3 Experimental split-level fractions
\l_xfrac_slash_box=\box41
\l_xfrac_tmp_box=\box42
\l_xfrac_denominator_bot_sep_dim=\dimen198
\l_xfrac_numerator_bot_sep_dim=\dimen199
\l_xfrac_numerator_top_sep_dim=\dimen200
\l_xfrac_slash_left_sep_dim=\dimen201
Normal \dimen register pool exhausted, switching to extended pool.
\l_xfrac_slash_right_sep_dim=\dimen256
\l_xfrac_slash_left_muskip=\muskip13
\l_xfrac_slash_right_muskip=\muskip14
.................................................
. xtemplate info: "declare-object-type"
. 
. Declaring object type 'xfrac' taking 3 argument(s) on line 96.
.................................................
.................................................
. LaTeX info: "xparse/define-command"
. 
. Defining document command \sfrac with arg. spec. 'omom' on line 436.
.................................................
)
(C:\CTEX\MiKTeX\tex\latex\listings\listings.sty
\lst@mode=\count281
\lst@gtempboxa=\box43
\lst@token=\toks28
\lst@length=\count282
\lst@currlwidth=\dimen257
\lst@column=\count283
\lst@pos=\count284
\lst@lostspace=\dimen258
\lst@width=\dimen259
\lst@newlines=\count285
\lst@lineno=\count286
\lst@maxwidth=\dimen260

(C:\CTEX\MiKTeX\tex\latex\listings\lstmisc.sty
File: lstmisc.sty 2007/02/22 1.4 (Carsten Heinz)
\c@lstnumber=\count287
\lst@skipnumbers=\count288
\lst@framebox=\box44
)
(C:\CTEX\MiKTeX\tex\latex\listings\listings.cfg
File: listings.cfg 2007/02/22 1.4 listings configuration
))
Package: listings 2007/02/22 1.4 (Carsten Heinz)

(C:\CTEX\MiKTeX\tex\latex\listings\lstlang1.sty
File: lstlang1.sty 2004/09/05 1.3 listings language file
)
(C:\CTEX\MiKTeX\tex\latex\abstract\abstract.sty
Package: abstract 2009/06/08 v1.2a configurable abstracts
\abstitleskip=\skip73
\absleftindent=\skip74
\absrightindent=\skip75
\absparindent=\skip76
\absparsep=\skip77
)
("E:\CE-06\DCCN - Data Communication and Computer Networks\Project\DCCN Project
\Project Report Latex\DSP Project Report\DSP Project Report.aux"
("E:\CE-06\DCCN - Data Communication and Computer Networks\Project\DCCN Project
\Project Report Latex\DSP Project Report\Chapter1/introduction.aux")
("E:\CE-06\DCCN - Data Communication and Computer Networks\Project\DCCN Project
\Project Report Latex\DSP Project Report\Chapter2/literatureReview.aux"

LaTeX Warning: Label `figure1' multiply defined.


LaTeX Warning: Label `figure1' multiply defined.


LaTeX Warning: Label `figure1' multiply defined.


LaTeX Warning: Label `figure1' multiply defined.


LaTeX Warning: Label `figure1' multiply defined.

)
("E:\CE-06\DCCN - Data Communication and Computer Networks\Project\DCCN Project
\Project Report Latex\DSP Project Report\Chapter3/proposedMethodology.aux")
("E:\CE-06\DCCN - Data Communication and Computer Networks\Project\DCCN Project
\Project Report Latex\DSP Project Report\Chapter4/resultAndSimulation.aux")
("E:\CE-06\DCCN - Data Communication and Computer Networks\Project\DCCN Project
\Project Report Latex\DSP Project Report\Chapter5/conclusionAndFutureDirection.
aux"))
LaTeX Font Info:    Checking defaults for OML/cmm/m/it on input line 62.
LaTeX Font Info:    ... okay on input line 62.
LaTeX Font Info:    Checking defaults for T1/cmr/m/n on input line 62.
LaTeX Font Info:    ... okay on input line 62.
LaTeX Font Info:    Checking defaults for OT1/cmr/m/n on input line 62.
LaTeX Font Info:    ... okay on input line 62.
LaTeX Font Info:    Checking defaults for OMS/cmsy/m/n on input line 62.
LaTeX Font Info:    ... okay on input line 62.
LaTeX Font Info:    Checking defaults for OMX/cmex/m/n on input line 62.
LaTeX Font Info:    ... okay on input line 62.
LaTeX Font Info:    Checking defaults for U/cmr/m/n on input line 62.
LaTeX Font Info:    ... okay on input line 62.
LaTeX Font Info:    Checking defaults for PD1/pdf/m/n on input line 62.
LaTeX Font Info:    ... okay on input line 62.
LaTeX Font Info:    Checking defaults for TS1/cmr/m/n on input line 62.
LaTeX Font Info:    Try loading font information for TS1+cmr on input line 62.
 (C:\CTEX\MiKTeX\tex\latex\base\ts1cmr.fd
File: ts1cmr.fd 1999/05/25 v2.5h Standard LaTeX font definitions
)
LaTeX Font Info:    ... okay on input line 62.
Package caption Info: Begin \AtBeginDocument code.
Package caption Info: float package is loaded.
Package caption Info: hyperref package is loaded.
Package caption Info: listings package is loaded.
Package caption Info: End \AtBeginDocument code.

(C:\CTEX\MiKTeX\tex\context\base\supp-pdf.mkii
[Loading MPS to PDF converter (version 2006.09.02).]
\scratchcounter=\count289
\scratchdimen=\dimen261
\scratchbox=\box45
\nofMPsegments=\count290
\nofMParguments=\count291
\everyMPshowfont=\toks29
\MPscratchCnt=\count292
\MPscratchDim=\dimen262
\MPnumerator=\count293
\makeMPintoPDFobject=\count294
\everyMPtoPDFconversion=\toks30
)
\AtBeginShipoutBox=\box46
Package hyperref Info: Link coloring OFF on input line 62.
 (C:\CTEX\MiKTeX\tex\latex\hyperref\nameref.sty
Package: nameref 2010/04/30 v2.40 Cross-referencing by name of section

(C:\CTEX\MiKTeX\tex\generic\oberdiek\gettitlestring.sty
Package: gettitlestring 2010/12/03 v1.4 Cleanup title references (HO)
)
\c@section@level=\count295
)
LaTeX Info: Redefining \ref on input line 62.
LaTeX Info: Redefining \pageref on input line 62.
LaTeX Info: Redefining \nameref on input line 62.

("E:\CE-06\DCCN - Data Communication and Computer Networks\Project\DCCN Project
\Project Report Latex\DSP Project Report\DSP Project Report.out")
("E:\CE-06\DCCN - Data Communication and Computer Networks\Project\DCCN Project
\Project Report Latex\DSP Project Report\DSP Project Report.out")
\@outlinefile=\write3

ABD: EverySelectfont initializing macros
LaTeX Info: Redefining \selectfont on input line 62.

*geometry* driver: auto-detecting
*geometry* detected driver: pdftex
*geometry* verbose mode - [ preamble ] result:
* driver: pdftex
* paper: a4paper
* layout: <same size as paper>
* layoutoffset:(h,v)=(0.0pt,0.0pt)
* modes: 
* h-part:(L,W,R)=(81.94394pt, 433.62pt, 81.94394pt)
* v-part:(T,H,B)=(48.93872pt, 722.7pt, 73.40813pt)
* \paperwidth=597.50787pt
* \paperheight=845.04684pt
* \textwidth=433.62pt
* \textheight=722.7pt
* \oddsidemargin=9.67395pt
* \evensidemargin=9.67395pt
* \topmargin=-60.33127pt
* \headheight=12.0pt
* \headsep=25.0pt
* \topskip=12.0pt
* \footskip=30.0pt
* \marginparwidth=44.0pt
* \marginparsep=10.0pt
* \columnsep=10.0pt
* \skip\footins=10.8pt plus 4.0pt minus 2.0pt
* \hoffset=0.0pt
* \voffset=0.0pt
* \mag=1000
* \@twocolumnfalse
* \@twosidefalse
* \@mparswitchfalse
* \@reversemarginfalse
* (1in=72.27pt=25.4mm, 1cm=28.453pt)

\c@lstlisting=\count296

("E:\CE-06\DCCN - Data Communication and Computer Networks\Project\DCCN Project
\Project Report Latex\DSP Project Report\PrePages/projectCoverPage.tex"
<./logo.jpg, id=91, 772.8875pt x 771.88374pt>
File: ./logo.jpg Graphic file (type jpg)
 <use ./logo.jpg>
Package pdftex.def Info: ./logo.jpg used on input line 6.
(pdftex.def)             Requested size: 151.76964pt x 151.57085pt.
 [1

{C:/CTEX/UserData/pdftex/config/pdftex.map{Unicode.sfd}{UGBK.sfd}} <E:/CE-06/DC
CN - Data Communication and Computer Networks/Project/DCCN Project/Project Repo
rt Latex/DSP Project Report/logo.jpg>])
("E:\CE-06\DCCN - Data Communication and Computer Networks\Project\DCCN Project
\Project Report Latex\DSP Project Report\PrePages/projectDeclaration.tex"
Underfull \hbox (badness 10000) in paragraph at lines 16--19

 []

pdfTeX warning (ext4): destination with the same identifier (name{page.1}) has 
been already used, duplicate ignored
<to be read again> 
                   \relax 
l.41 \end{titlepage}
                     [1])
("E:\CE-06\DCCN - Data Communication and Computer Networks\Project\DCCN Project
\Project Report Latex\DSP Project Report\PrePages/projectDedication.tex"pdfTeX 
warning (ext4): destination with the same identifier (name{page.1}) has been al
ready used, duplicate ignored
<to be read again> 
                   \relax 
l.18 \end{titlepage}
                     [1])
("E:\CE-06\DCCN - Data Communication and Computer Networks\Project\DCCN Project
\Project Report Latex\DSP Project Report\PrePages/acknowledgement.tex"
Underfull \hbox (badness 10000) in paragraph at lines 12--13

 []

pdfTeX warning (ext4): destination with the same identifier (name{page.1}) has 
been already used, duplicate ignored
<to be read again> 
                   \relax 
l.26 \end{titlepage}
                     [1])
("E:\CE-06\DCCN - Data Communication and Computer Networks\Project\DCCN Project
\Project Report Latex\DSP Project Report\PrePages/projectAbstract.tex"
Underfull \hbox (badness 10000) in paragraph at lines 4--5

 []


Underfull \hbox (badness 10000) in paragraph at lines 4--5

 []


Underfull \hbox (badness 10000) in paragraph at lines 6--9

 []


Underfull \hbox (badness 10000) in paragraph at lines 6--9

 []


Underfull \hbox (badness 10000) in paragraph at lines 10--13

 []


Underfull \hbox (badness 10000) in paragraph at lines 10--13

 []


Underfull \hbox (badness 10000) in paragraph at lines 14--15

 []


Underfull \hbox (badness 10000) in paragraph at lines 14--15

 []

Missing character: There is no ’ in font cmr12!

Underfull \hbox (badness 10000) in paragraph at lines 17--18

 []


Underfull \hbox (badness 10000) in paragraph at lines 17--18

 []

pdfTeX warning (ext4): destination with the same identifier (name{page.1}) has 
been already used, duplicate ignored
<to be read again> 
                   \relax 
l.23 \end{abstract}
                    [1])
("E:\CE-06\DCCN - Data Communication and Computer Networks\Project\DCCN Project
\Project Report Latex\DSP Project Report\DSP Project Report.toc"
LaTeX Font Info:    Try loading font information for U+msa on input line 3.

(C:\CTEX\MiKTeX\tex\latex\amsfonts\umsa.fd
File: umsa.fd 2009/06/22 v3.00 AMS symbols A
)
LaTeX Font Info:    Try loading font information for U+msb on input line 3.

(C:\CTEX\MiKTeX\tex\latex\amsfonts\umsb.fd
File: umsb.fd 2009/06/22 v3.00 AMS symbols B
))
\tf@toc=\write4
 [11

]
("E:\CE-06\DCCN - Data Communication and Computer Networks\Project\DCCN Project
\Project Report Latex\DSP Project Report\Chapter1/introduction.tex"
Chapter 1.

Underfull \hbox (badness 10000) in paragraph at lines 3--4

 []


Underfull \hbox (badness 10000) in paragraph at lines 23--31

 []

pdfTeX warning (ext4): destination with the same identifier (name{page.1}) has 
been already used, duplicate ignored
<to be read again> 
                   \relax 
l.31 
      [1


]
Missing character: There is no ’ in font cmr12!
 <Chapter1/campusNetwork.png, id=156, 395.4775pt x 321.2pt>
File: Chapter1/campusNetwork.png Graphic file (type png)

<use Chapter1/campusNetwork.png>
Package pdftex.def Info: Chapter1/campusNetwork.png used on input line 38.
(pdftex.def)             Requested size: 237.28833pt x 192.72148pt.
Missing character: There is no ’ in font cmr12!

Underfull \hbox (badness 10000) in paragraph at lines 43--49

 []

Missing character: There is no ‘ in font cmr12!
Missing character: There is no ’ in font cmr12!
Missing character: There is no “ in font cmr12!
Missing character: There is no ” in font cmr12!
Missing character: There is no ’ in font cmr12!
Missing character: There is no “ in font cmr12!
Missing character: There is no ” in font cmr12!

Underfull \hbox (badness 10000) in paragraph at lines 57--58

 []

[2 <E:/CE-06/DCCN - Data Communication and Computer Networks/Project/DCCN Proje
ct/Project Report Latex/DSP Project Report/Chapter1/campusNetwork.png>])
[3]
("E:\CE-06\DCCN - Data Communication and Computer Networks\Project\DCCN Project
\Project Report Latex\DSP Project Report\Chapter2/literatureReview.tex"
Chapter 2.
<Chapter1/pTopTopology.png, id=168, 263.48438pt x 167.12437pt>
File: Chapter1/pTopTopology.png Graphic file (type png)

<use Chapter1/pTopTopology.png>
Package pdftex.def Info: Chapter1/pTopTopology.png used on input line 18.
(pdftex.def)             Requested size: 163.35861pt x 103.61603pt.

Underfull \hbox (badness 10000) in paragraph at lines 12--22

 []

Missing character: There is no ’ in font cmr12!

Underfull \hbox (badness 10000) in paragraph at lines 25--31

 []

[4



 <E:/CE-06/DCCN - Data Communication and Computer Networks/Project/DCCN Project
/Project Report Latex/DSP Project Report/Chapter1/pTopTopology.png>]
<Chapter1/busTopology.png, id=179, 234.8775pt x 159.59625pt>
File: Chapter1/busTopology.png Graphic file (type png)

<use Chapter1/busTopology.png>
Package pdftex.def Info: Chapter1/busTopology.png used on input line 34.
(pdftex.def)             Requested size: 187.90225pt x 127.67715pt.
Missing character: There is no “ in font cmr12!

<Chapter1/ringTopology.png, id=181, 225.09094pt x 173.14688pt>
File: Chapter1/ringTopology.png Graphic file (type png)

<use Chapter1/ringTopology.png>
Package pdftex.def Info: Chapter1/ringTopology.png used on input line 49.
(pdftex.def)             Requested size: 202.57996pt x 155.83075pt.

<Chapter1/meshTopology.png, id=183, 250.68657pt x 171.64125pt>
File: Chapter1/meshTopology.png Graphic file (type png)

<use Chapter1/meshTopology.png>
Package pdftex.def Info: Chapter1/meshTopology.png used on input line 65.
(pdftex.def)             Requested size: 225.61581pt x 154.47568pt.

Underfull \hbox (badness 10000) in paragraph at lines 56--69

 []

[5 <E:/CE-06/DCCN - Data Communication and Computer Networks/Project/DCCN Proje
ct/Project Report Latex/DSP Project Report/Chapter1/busTopology.png> <E:/CE-06/
DCCN - Data Communication and Computer Networks/Project/DCCN Project/Project Re
port Latex/DSP Project Report/Chapter1/ringTopology.png>]
Underfull \hbox (badness 10000) in paragraph at lines 72--82

 []

<Chapter1/starTopology.png, id=199, 255.20343pt x 192.72pt>
File: Chapter1/starTopology.png Graphic file (type png)

<use Chapter1/starTopology.png>
Package pdftex.def Info: Chapter1/starTopology.png used on input line 85.
(pdftex.def)             Requested size: 204.16301pt x 154.1762pt.
) [6 <E:/CE-06/DCCN - Data Communication and Computer Networks/Project/DCCN Pro
ject/Project Report Latex/DSP Project Report/Chapter1/meshTopology.png> <E:/CE-
06/DCCN - Data Communication and Computer Networks/Project/DCCN Project/Project
 Report Latex/DSP Project Report/Chapter1/starTopology.png>]
("E:\CE-06\DCCN - Data Communication and Computer Networks\Project\DCCN Project
\Project Report Latex\DSP Project Report\Chapter3/proposedMethodology.tex"
Chapter 3.

Underfull \hbox (badness 10000) in paragraph at lines 4--10

 []


Underfull \hbox (badness 10000) in paragraph at lines 4--10

 []


Underfull \hbox (badness 10000) in paragraph at lines 4--10

 []


Underfull \hbox (badness 10000) in paragraph at lines 4--10

 []

[7



] <Chapter3/blockDiagram.png, id=225, 1882.03125pt x 599.23875pt>
File: Chapter3/blockDiagram.png Graphic file (type png)

<use Chapter3/blockDiagram.png>
Package pdftex.def Info: Chapter3/blockDiagram.png used on input line 48.
(pdftex.def)             Requested size: 451.69673pt x 143.82024pt.

Overfull \hbox (18.07674pt too wide) in paragraph at lines 48--49
 [] 
 []

<Chapter3/flowChart.png, id=227, 302.12875pt x 392.46625pt>
File: Chapter3/flowChart.png Graphic file (type png)

<use Chapter3/flowChart.png>
Package pdftex.def Info: Chapter3/flowChart.png used on input line 59.
(pdftex.def)             Requested size: 211.48868pt x 274.72449pt.

Underfull \hbox (badness 10000) in paragraph at lines 55--63

 []

[8 <E:/CE-06/DCCN - Data Communication and Computer Networks/Project/DCCN Proje
ct/Project Report Latex/DSP Project Report/Chapter3/blockDiagram.png>]
<Chapter3/systemModel.png, id=244, 376.40625pt x 318.43968pt>
File: Chapter3/systemModel.png Graphic file (type png)

<use Chapter3/systemModel.png>
Package pdftex.def Info: Chapter3/systemModel.png used on input line 69.
(pdftex.def)             Requested size: 252.19087pt x 213.35347pt.

Underfull \hbox (badness 10000) in paragraph at lines 75--76

 []

[9 <E:/CE-06/DCCN - Data Communication and Computer Networks/Project/DCCN Proje
ct/Project Report Latex/DSP Project Report/Chapter3/flowChart.png> <E:/CE-06/DC
CN - Data Communication and Computer Networks/Project/DCCN Project/Project Repo
rt Latex/DSP Project Report/Chapter3/systemModel.png>]
Missing character: There is no … in font cmr12!

Underfull \hbox (badness 10000) in paragraph at lines 77--78

 []

<Chapter3/software.png, id=251, 715.17188pt x 465.23813pt>
File: Chapter3/software.png Graphic file (type png)

<use Chapter3/software.png>
Package pdftex.def Info: Chapter3/software.png used on input line 82.
(pdftex.def)             Requested size: 429.10643pt x 279.14502pt.
) [10 <E:/CE-06/DCCN - Data Communication and Computer Networks/Project/DCCN Pr
oject/Project Report Latex/DSP Project Report/Chapter3/software.png>]
("E:\CE-06\DCCN - Data Communication and Computer Networks\Project\DCCN Project
\Project Report Latex\DSP Project Report\Chapter4/resultAndSimulation.tex"
Chapter 4.
<Chapter4/mainBranchCampus.png, id=259, 1016.29688pt x 603.75563pt>
File: Chapter4/mainBranchCampus.png Graphic file (type png)

<use Chapter4/mainBranchCampus.png>
Package pdftex.def Info: Chapter4/mainBranchCampus.png used on input line 10.
(pdftex.def)             Requested size: 436.99915pt x 259.60985pt.

Overfull \hbox (3.37915pt too wide) in paragraph at lines 10--11
 [] 
 []

<Chapter4/branchCSDepartment.png, id=261, 867.99281pt x 595.47469pt>
File: Chapter4/branchCSDepartment.png Graphic file (type png)

<use Chapter4/branchCSDepartment.png>
Package pdftex.def Info: Chapter4/branchCSDepartment.png used on input line 18.

(pdftex.def)             Requested size: 433.99535pt x 297.7366pt.
 [11



 <E:/CE-06/DCCN - Data Communication and Computer Networks/Project/DCCN Project
/Project Report Latex/DSP Project Report/Chapter4/mainBranchCampus.png>]
<Chapter4/resultSimulation.png, id=268, 343.2825pt x 33.12375pt>
File: Chapter4/resultSimulation.png Graphic file (type png)

<use Chapter4/resultSimulation.png>
Package pdftex.def Info: Chapter4/resultSimulation.png used on input line 28.
(pdftex.def)             Requested size: 446.26718pt x 43.06085pt.

Overfull \hbox (12.64719pt too wide) in paragraph at lines 28--29
 [] 
 []


Underfull \hbox (badness 10000) in paragraph at lines 25--32

 []

<Chapter4/simulationPanel.png, id=270, 286.82156pt x 270.25969pt>
File: Chapter4/simulationPanel.png Graphic file (type png)

<use Chapter4/simulationPanel.png>
Package pdftex.def Info: Chapter4/simulationPanel.png used on input line 36.
(pdftex.def)             Requested size: 286.82085pt x 270.25902pt.
 [12 <E:/CE-06/DCCN - Data Communication and Computer Networks/Project/DCCN Pro
ject/Project Report Latex/DSP Project Report/Chapter4/branchCSDepartment.png> <
E:/CE-06/DCCN - Data Communication and Computer Networks/Project/DCCN Project/P
roject Report Latex/DSP Project Report/Chapter4/resultSimulation.png>]
Underfull \hbox (badness 10000) in paragraph at lines 42--43

 []

<Chapter4/commandPrompt.png, id=280, 409.53pt x 393.72093pt>
File: Chapter4/commandPrompt.png Graphic file (type png)

<use Chapter4/commandPrompt.png>
Package pdftex.def Info: Chapter4/commandPrompt.png used on input line 60.
(pdftex.def)             Requested size: 409.52899pt x 393.71997pt.
 [13 <E:/CE-06/DCCN - Data Communication and Computer Networks/Project/DCCN Pro
ject/Project Report Latex/DSP Project Report/Chapter4/simulationPanel.png>]) [1
4 <E:/CE-06/DCCN - Data Communication and Computer Networks/Project/DCCN Projec
t/Project Report Latex/DSP Project Report/Chapter4/commandPrompt.png>]
("E:\CE-06\DCCN - Data Communication and Computer Networks\Project\DCCN Project
\Project Report Latex\DSP Project Report\Chapter5/conclusionAndFutureDirection.
tex"
Chapter 5.
) [15



]
("E:\CE-06\DCCN - Data Communication and Computer Networks\Project\DCCN Project
\Project Report Latex\DSP Project Report\DSP Project Report.bbl")

Package caption Warning: Unused \captionsetup[sub] on input line 19.
See the caption package documentation for explanation.

Package atveryend Info: Empty hook `BeforeClearDocument' on input line 111.
[16


]
Package atveryend Info: Empty hook `AfterLastShipout' on input line 111.

("E:\CE-06\DCCN - Data Communication and Computer Networks\Project\DCCN Project
\Project Report Latex\DSP Project Report\DSP Project Report.aux"
("E:\CE-06\DCCN - Data Communication and Computer Networks\Project\DCCN Project
\Project Report Latex\DSP Project Report\Chapter1/introduction.aux")
("E:\CE-06\DCCN - Data Communication and Computer Networks\Project\DCCN Project
\Project Report Latex\DSP Project Report\Chapter2/literatureReview.aux")
("E:\CE-06\DCCN - Data Communication and Computer Networks\Project\DCCN Project
\Project Report Latex\DSP Project Report\Chapter3/proposedMethodology.aux")
("E:\CE-06\DCCN - Data Communication and Computer Networks\Project\DCCN Project
\Project Report Latex\DSP Project Report\Chapter4/resultAndSimulation.aux")
("E:\CE-06\DCCN - Data Communication and Computer Networks\Project\DCCN Project
\Project Report Latex\DSP Project Report\Chapter5/conclusionAndFutureDirection.
aux"))
Package atveryend Info: Executing hook `AtVeryEndDocument' on input line 111.
Package atveryend Info: Executing hook `AtEndAfterFileList' on input line 111.
Package rerunfilecheck Info: File `DSP*Project*Report.out' has not changed.
(rerunfilecheck)             Checksum: <no file>.


LaTeX Warning: There were multiply-defined labels.

 ) 
Here is how much of TeX's memory you used:
 16389 strings out of 495354
 267061 string characters out of 3183859
 396528 words of memory out of 3000000
 19100 multiletter control sequences out of 15000+200000
 12002 words of font info for 44 fonts, out of 3000000 for 9000
 14 hyphenation exceptions out of 8191
 42i,8n,76p,1027b,476s stack positions out of 5000i,500n,10000p,200000b,50000s
{C:/CTEX/MiKTeX/fonts/enc/dvips/cm-super/cm-super-ts1.enc}<C:/CTEX/MiKTeX/fon
ts/type1/public/amsfonts/cm/cmbx10.pfb><C:/CTEX/MiKTeX/fonts/type1/public/amsfo
nts/cm/cmbx12.pfb><C:/CTEX/MiKTeX/fonts/type1/public/amsfonts/cm/cmcsc10.pfb><C
:/CTEX/MiKTeX/fonts/type1/public/amsfonts/cm/cmr10.pfb><C:/CTEX/MiKTeX/fonts/ty
pe1/public/amsfonts/cm/cmr12.pfb><C:/CTEX/MiKTeX/fonts/type1/public/amsfonts/cm
/cmti12.pfb><C:/CTEX/MiKTeX/fonts/type1/public/cm-super/sfrm1200.pfb>
Output written on "DSP Project Report.pdf" (22 pages, 880143 bytes).
PDF statistics:
 357 PDF objects out of 1000 (max. 8388607)
 99 named destinations out of 1000 (max. 500000)
 257 words of extra memory for PDF output out of 10000 (max. 10000000)

