This is pdfTeX, Version 3.1415926-2.3-1.40.12 (MiKTeX 2.9) (preloaded format=pdflatex 2022.6.11)  12 JUN 2022 09:41
entering extended mode
**E:/CE-06/DSP*-*Digital*Signal*Processing/Lab/Lab*Project/Project*Report/DSP*P
roject*Report/PrePages/projectDedication.tex

("E:/CE-06/DSP - Digital Signal Processing/Lab/Lab Project/Project Report/DSP P
roject Report/PrePages/projectDedication.tex"
LaTeX2e <2011/06/27>
Babel <v3.8m> and hyphenation patterns for loaded.
! Undefined control sequence.
l.4 \chapter
            *{Dedication}
? 
! Emergency stop.
l.4 \chapter
            *{Dedication}
End of file on the terminal!

 
Here is how much of TeX's memory you used:
 7 strings out of 495354
 437 string characters out of 3183859
 44842 words of memory out of 3000000
 3276 multiletter control sequences out of 15000+200000
 3640 words of font info for 14 fonts, out of 3000000 for 9000
 14 hyphenation exceptions out of 8191
 5i,0n,1p,196b,8s stack positions out of 5000i,500n,10000p,200000b,50000s
!  ==> Fatal error occurred, no output PDF file produced!
